<?xml version="1.0" encoding="UTF-8"?>
<!-- Generated by org.testng.reporters.JUnitXMLReporter -->
<testsuite hostname="vrw-monitordev1" name="OnServer2" tests="14" failures="0" timestamp="30 Oct 2016 09:36:14 GMT" time="20.246" errors="0">
  <testcase name="checkPageTitle" time="5.284" classname="tests.WebsiteAvailabilityTest"/>
  <testcase name="checkPageTitle" time="0.506" classname="tests.WebsiteAvailabilityTest"/>
  <testcase name="checkPageTitle" time="3.463" classname="tests.WebsiteAvailabilityTest"/>
  <testcase name="checkPageTitle" time="0.88" classname="tests.WebsiteAvailabilityTest"/>
  <testcase name="checkPageTitle" time="0.941" classname="tests.WebsiteAvailabilityTest"/>
  <testcase name="checkPageTitle" time="0.67" classname="tests.WebsiteAvailabilityTest"/>
  <testcase name="checkPageTitle" time="1.474" classname="tests.WebsiteAvailabilityTest"/>
  <testcase name="checkPageTitle" time="1.313" classname="tests.WebsiteAvailabilityTest"/>
  <testcase name="checkPageTitle" time="1.102" classname="tests.WebsiteAvailabilityTest"/>
  <testcase name="checkPageTitle" time="1.006" classname="tests.WebsiteAvailabilityTest"/>
  <testcase name="checkPageTitle" time="0.733" classname="tests.WebsiteAvailabilityTest"/>
  <testcase name="checkPageTitle" time="1.027" classname="tests.WebsiteAvailabilityTest"/>
  <testcase name="checkPageTitle" time="0.884" classname="tests.WebsiteAvailabilityTest"/>
  <testcase name="checkPageTitle" time="0.84" classname="tests.WebsiteAvailabilityTest"/>
</testsuite> <!-- OnServer2 -->
