<?xml version="1.0" encoding="UTF-8"?>
<!-- Generated by org.testng.reporters.JUnitXMLReporter -->
<testsuite hostname="vrw-monitordev1" name="OnServer1" tests="14" failures="0" timestamp="30 Oct 2016 09:35:54 GMT" time="44.882" errors="0">
  <testcase name="checkPageTitle" time="7.007" classname="tests.WebsiteAvailabilityTest"/>
  <testcase name="checkPageTitle" time="0.811" classname="tests.WebsiteAvailabilityTest"/>
  <testcase name="checkPageTitle" time="3.602" classname="tests.WebsiteAvailabilityTest"/>
  <testcase name="checkPageTitle" time="3.443" classname="tests.WebsiteAvailabilityTest"/>
  <testcase name="checkPageTitle" time="1.507" classname="tests.WebsiteAvailabilityTest"/>
  <testcase name="checkPageTitle" time="2.949" classname="tests.WebsiteAvailabilityTest"/>
  <testcase name="checkPageTitle" time="2.86" classname="tests.WebsiteAvailabilityTest"/>
  <testcase name="checkPageTitle" time="4.513" classname="tests.WebsiteAvailabilityTest"/>
  <testcase name="checkPageTitle" time="2.936" classname="tests.WebsiteAvailabilityTest"/>
  <testcase name="checkPageTitle" time="2.855" classname="tests.WebsiteAvailabilityTest"/>
  <testcase name="checkPageTitle" time="2.658" classname="tests.WebsiteAvailabilityTest"/>
  <testcase name="checkPageTitle" time="0.733" classname="tests.WebsiteAvailabilityTest"/>
  <testcase name="checkPageTitle" time="5.114" classname="tests.WebsiteAvailabilityTest"/>
  <testcase name="checkPageTitle" time="2.542" classname="tests.WebsiteAvailabilityTest"/>
</testsuite> <!-- OnServer1 -->
