<?xml version="1.0" encoding="UTF-8"?>
<testsuite xmlns:xsi="http://www.w3.org/2001/XMLSchema-instance" xsi:schemaLocation="https://maven.apache.org/surefire/maven-surefire-plugin/xsd/surefire-test-report.xsd" name="TestSuite" time="109.321" tests="56" errors="0" skipped="0" failures="0">
  <properties>
[...]
</properties>
  <testcase name="checkPageTitle" classname="tests.WebsiteAvailabilityTest" time="7.091"/>
  <testcase name="checkPageTitle" classname="tests.WebsiteAvailabilityTest" time="3.634"/>
  <testcase name="checkPageTitle" classname="tests.WebsiteAvailabilityTest" time="3.425"/>
  <testcase name="checkPageTitle" classname="tests.WebsiteAvailabilityTest" time="3.61"/>
  <testcase name="checkPageTitle" classname="tests.WebsiteAvailabilityTest" time="1.102"/>
  <testcase name="checkPageTitle" classname="tests.WebsiteAvailabilityTest" time="2.693"/>
  <testcase name="checkPageTitle" classname="tests.WebsiteAvailabilityTest" time="0.646"/>
  <testcase name="checkPageTitle" classname="tests.WebsiteAvailabilityTest" time="3.581"/>
  <testcase name="checkPageTitle" classname="tests.WebsiteAvailabilityTest" time="1.158"/>
  <testcase name="checkPageTitle" classname="tests.WebsiteAvailabilityTest" time="1.358"/>
  <testcase name="checkPageTitle" classname="tests.WebsiteAvailabilityTest" time="1.191"/>
  <testcase name="checkPageTitle" classname="tests.WebsiteAvailabilityTest" time="0.796"/>
  <testcase name="checkPageTitle" classname="tests.WebsiteAvailabilityTest" time="2.107"/>
  <testcase name="checkPageTitle" classname="tests.WebsiteAvailabilityTest" time="1.58"/>
  <testcase name="checkPageTitle" classname="tests.WebsiteAvailabilityTest" time="5.651"/>
  <testcase name="checkPageTitle" classname="tests.WebsiteAvailabilityTest" time="3.183"/>
  <testcase name="checkPageTitle" classname="tests.WebsiteAvailabilityTest" time="3.367"/>
  <testcase name="checkPageTitle" classname="tests.WebsiteAvailabilityTest" time="1.195"/>
  <testcase name="checkPageTitle" classname="tests.WebsiteAvailabilityTest" time="1.184"/>
  <testcase name="checkPageTitle" classname="tests.WebsiteAvailabilityTest" time="0.732"/>
  <testcase name="checkPageTitle" classname="tests.WebsiteAvailabilityTest" time="0.693"/>
  <testcase name="checkPageTitle" classname="tests.WebsiteAvailabilityTest" time="1.169"/>
  <testcase name="checkPageTitle" classname="tests.WebsiteAvailabilityTest" time="0.94"/>
  <testcase name="checkPageTitle" classname="tests.WebsiteAvailabilityTest" time="0.617"/>
  <testcase name="checkPageTitle" classname="tests.WebsiteAvailabilityTest" time="0.687"/>
  <testcase name="checkPageTitle" classname="tests.WebsiteAvailabilityTest" time="0.457"/>
  <testcase name="checkPageTitle" classname="tests.WebsiteAvailabilityTest" time="1.06"/>
  <testcase name="checkPageTitle" classname="tests.WebsiteAvailabilityTest" time="0.669"/>
  <testcase name="checkPageTitle" classname="tests.WebsiteAvailabilityTest" time="5.637"/>
  <testcase name="checkPageTitle" classname="tests.WebsiteAvailabilityTest" time="3.511"/>
  <testcase name="checkPageTitle" classname="tests.WebsiteAvailabilityTest" time="3.479"/>
  <testcase name="checkPageTitle" classname="tests.WebsiteAvailabilityTest" time="1.376"/>
  <testcase name="checkPageTitle" classname="tests.WebsiteAvailabilityTest" time="1.415"/>
  <testcase name="checkPageTitle" classname="tests.WebsiteAvailabilityTest" time="1.121"/>
  <testcase name="checkPageTitle" classname="tests.WebsiteAvailabilityTest" time="0.743"/>
  <testcase name="checkPageTitle" classname="tests.WebsiteAvailabilityTest" time="1.421"/>
  <testcase name="checkPageTitle" classname="tests.WebsiteAvailabilityTest" time="1.187"/>
  <testcase name="checkPageTitle" classname="tests.WebsiteAvailabilityTest" time="0.818"/>
  <testcase name="checkPageTitle" classname="tests.WebsiteAvailabilityTest" time="0.857"/>
  <testcase name="checkPageTitle" classname="tests.WebsiteAvailabilityTest" time="0.555"/>
  <testcase name="checkPageTitle" classname="tests.WebsiteAvailabilityTest" time="1.407"/>
  <testcase name="checkPageTitle" classname="tests.WebsiteAvailabilityTest" time="0.85"/>
  <testcase name="checkPageTitle" classname="tests.WebsiteAvailabilityTest" time="5.372"/>
  <testcase name="checkPageTitle" classname="tests.WebsiteAvailabilityTest" time="3.748"/>
  <testcase name="checkPageTitle" classname="tests.WebsiteAvailabilityTest" time="3.594"/>
  <testcase name="checkPageTitle" classname="tests.WebsiteAvailabilityTest" time="1.731"/>
  <testcase name="checkPageTitle" classname="tests.WebsiteAvailabilityTest" time="1.787"/>
  <testcase name="checkPageTitle" classname="tests.WebsiteAvailabilityTest" time="1.185"/>
  <testcase name="checkPageTitle" classname="tests.WebsiteAvailabilityTest" time="1.023"/>
  <testcase name="checkPageTitle" classname="tests.WebsiteAvailabilityTest" time="1.282"/>
  <testcase name="checkPageTitle" classname="tests.WebsiteAvailabilityTest" time="1.122"/>
  <testcase name="checkPageTitle" classname="tests.WebsiteAvailabilityTest" time="0.546"/>
  <testcase name="checkPageTitle" classname="tests.WebsiteAvailabilityTest" time="0.712"/>
  <testcase name="checkPageTitle" classname="tests.WebsiteAvailabilityTest" time="0.44"/>
  <testcase name="checkPageTitle" classname="tests.WebsiteAvailabilityTest" time="1.17"/>
  <testcase name="checkPageTitle" classname="tests.WebsiteAvailabilityTest" time="0.666"/>
</testsuite>