<?xml version="1.0" encoding="UTF-8"?>
<!-- Generated by org.testng.reporters.JUnitXMLReporter -->
<testsuite hostname="vrw-monitordev1" name="OnServer1" tests="14" failures="0" timestamp="27 Oct 2016 13:26:26 GMT" time="34.86" errors="0">
  <testcase name="checkPageTitle" time="7.1" classname="tests.WebsiteAvailabilityTest"/>
  <testcase name="checkPageTitle" time="3.634" classname="tests.WebsiteAvailabilityTest"/>
  <testcase name="checkPageTitle" time="3.425" classname="tests.WebsiteAvailabilityTest"/>
  <testcase name="checkPageTitle" time="3.611" classname="tests.WebsiteAvailabilityTest"/>
  <testcase name="checkPageTitle" time="1.103" classname="tests.WebsiteAvailabilityTest"/>
  <testcase name="checkPageTitle" time="2.686" classname="tests.WebsiteAvailabilityTest"/>
  <testcase name="checkPageTitle" time="0.651" classname="tests.WebsiteAvailabilityTest"/>
  <testcase name="checkPageTitle" time="3.581" classname="tests.WebsiteAvailabilityTest"/>
  <testcase name="checkPageTitle" time="1.154" classname="tests.WebsiteAvailabilityTest"/>
  <testcase name="checkPageTitle" time="1.363" classname="tests.WebsiteAvailabilityTest"/>
  <testcase name="checkPageTitle" time="1.187" classname="tests.WebsiteAvailabilityTest"/>
  <testcase name="checkPageTitle" time="0.777" classname="tests.WebsiteAvailabilityTest"/>
  <testcase name="checkPageTitle" time="2.126" classname="tests.WebsiteAvailabilityTest"/>
  <testcase name="checkPageTitle" time="1.577" classname="tests.WebsiteAvailabilityTest"/>
</testsuite> <!-- OnServer1 -->
